<?xml version="1.0" encoding="UTF-8"?>
<!-- Generated by org.testng.reporters.JUnitXMLReporter -->
<testsuite ignored="1" hostname="ip-190-10-1-146.ap-south-1.compute.internal" failures="0" tests="3" name="Surefire test" time="3.482" errors="0" timestamp="21 Sep 2023 05:53:31 GMT">
  <testcase classname="com.junkin.MySampleYamlTest" name="testEntity" time="0.826"/>
  <testcase classname="com.junkin.MySampleYamlTest" name="testUsingTestFramework" time="0.685"/>
  <testcase classname="com.junkin.MySampleTest" name="testEntity" time="0.093"/>
  <testcase classname="com.junkin.MySampleYamlTest" name="testViaCatalog" time="0.0">
    <ignored/>
  </testcase> <!-- testViaCatalog -->
</testsuite> <!-- Surefire test -->
